2023-05-21 21:59:40 1684706380.016993 [tornettools] [INFO] Logging system initialized! Logging events to stdout and to '/home/vagrant/rendezmix/simulation/tornet-0.005/tornettools.generate.2023-05-21.21.59.40.log'
2023-05-21 21:59:40 1684706380.017331 [tornettools] [INFO] Seeded standard and numpy PRNGs with seed=814705410
2023-05-21 21:59:40 1684706380.017488 [tornettools] [INFO] The argument namespace is: Namespace(atlas_path=None, command='generate', do_trace=True, do_version=False, events_csv='BW,CIRC,STREAM', exit_user_scale=1.0, formatter_class=<class '__main__.CustomHelpFormatter'>, func=<function generate at 0x7f73c7a2de50>, geoip_path=None, load_scale=1.0, network_info_path='/home/vagrant/rendezmix/simulation/data/networkinfo_staging.gml', network_scale=0.005, nprocesses=32, onion_service_user_scale=0.0, prefix='/home/vagrant/rendezmix/simulation/tornet-0.005', process_scale=0.01, quiet=0, relay_info_path='/home/vagrant/rendezmix/simulation/data/relayinfo_staging_2020-11-01--2020-11-30.json', seed=814705410, server_scale=0.1, tmodel_git_path='/home/vagrant/rendezmix/simulation/data/tmodel-ccs2018.github.io', torexe='/home/vagrant/.local/bin/tor', torgencertexe='/usr/local/bin/tor-gencert', torperf_num_exit=100, torperf_num_onion_service=0, user_info_path='/home/vagrant/rendezmix/simulation/data/userinfo_staging_2020-11-01--2020-11-30.json')
2023-05-21 21:59:40 1684706380.069583 [tornettools] [INFO] The platform is: Linux-5.4.0-148-generic-x86_64-with-glibc2.29
2023-05-21 21:59:40 1684706380.070125 [tornettools] [INFO] System info: uname_result(system='Linux', node='ubuntu-focal', release='5.4.0-148-generic', version='#165-Ubuntu SMP Tue Apr 18 08:53:12 UTC 2023', machine='x86_64', processor='x86_64')
2023-05-21 21:59:40 1684706380.304657 [tornettools] [INFO] Generating network using tor and tor-gencert at /home/vagrant/.local/bin/tor and /usr/local/bin/tor-gencert
2023-05-21 21:59:40 1684706380.304947 [tornettools] [INFO] Copying atlas topology file (use the '-a/--atlas' option to disable)
2023-05-21 21:59:40 1684706380.325229 [tornettools] [INFO] Reading staged network info /home/vagrant/rendezmix/simulation/data/networkinfo_staging.gml
2023-05-21 21:59:40 1684706380.609119 [tornettools] [INFO] Finished reading staged network info
2023-05-21 21:59:40 1684706380.609364 [tornettools] [INFO] Sampling Tor relays now
2023-05-21 21:59:41 1684706381.258907 [tornettools] [INFO] A full Tor network has 6746 relays with total capacity of 664.3929816640001 Gbit/s
2023-05-21 21:59:41 1684706381.270673 [tornettools] [INFO] Bandwidth-weights (relevant ones) of a typical consensus:
2023-05-21 21:59:41 1684706381.270856 [tornettools] [INFO] Casename: Case 3a (E scarce), with: Wgg=6267.797127429134, Wgd=0, Wee=10000, Wed=10000, Wmg=3732.2028725708665, Wme=0, Wmd=0
2023-05-21 21:59:41 1684706381.271032 [tornettools] [INFO] 34 relays: relative position weights:
2023-05-21 21:59:41 1684706381.271148 [tornettools] [INFO] g: chosen=0.5442219202575503, target=0.5434065988397331, diff=0.0008153214178172608
2023-05-21 21:59:41 1684706381.271213 [tornettools] [INFO] e: chosen=0.029647241841662526, target=0.043777173357096556, diff=-0.01412993151543403
2023-05-21 21:59:41 1684706381.271275 [tornettools] [INFO] ge: chosen=0.29675903386259966, target=0.2750303627961613, diff=0.021728671066438388
2023-05-21 21:59:41 1684706381.271326 [tornettools] [INFO] m: chosen=0.12937180403818746, target=0.13778586500700984, diff=-0.008414060968822384
2023-05-21 21:59:41 1684706381.271396 [tornettools] [INFO] The max weight divergence between positions is 0.021728671066438388
2023-05-21 21:59:41 1684706381.271457 [tornettools] [INFO] Renormalizing weights for scaled network using total weight=0.0047185800897223545
2023-05-21 21:59:41 1684706381.271568 [tornettools] [INFO] Bandwidth-weights (relevant ones) of our scaled down consensus of 34 relays:
2023-05-21 21:59:41 1684706381.271679 [tornettools] [INFO] Casename: Case 3a (E scarce), with: Wgg=6188.594204152626, Wgd=0, Wee=10000, Wed=10000, Wmg=3811.405795847374, Wme=0, Wmd=0
2023-05-21 21:59:41 1684706381.272063 [tornettools] [INFO] Chose 34 of 6746 relays using scale factor 0.005
2023-05-21 21:59:41 1684706381.275645 [tornettools] [INFO] Generating Tor key material now, this may take awhile...
2023-05-21 21:59:43 1684706383.410153 [tornettools] [INFO] Generated fingerprints and keys for 37 Tor nodes (3 authorities and 34 relays)
2023-05-21 21:59:44 1684706384.552437 [tornettools] [INFO] Generating Clients
2023-05-21 21:59:44 1684706384.554404 [tornettools] [INFO] Privcount measurements scaled to 5561 Tor users, 3960 active and 1347 inactive
2023-05-21 21:59:44 1684706384.554656 [tornettools] [INFO] Privcount measurements scaled to 14405 exit circuits, 7459 active and 6638 inactive
2023-05-21 21:59:44 1684706384.579308 [tornettools] [INFO] We will use 100 TGen client processes to emulate 3762.0 Tor exit users and create 7500 exit circuits every 10 minutes in aggregate
2023-05-21 21:59:44 1684706384.579628 [tornettools] [INFO] We will use 0 TGen client processes to emulate 0.0 Tor onion-service users and create 0 onion-service circuits every 10 minutes in aggregate
2023-05-21 21:59:44 1684706384.584533 [tornettools] [INFO] We will use 100 exit perf nodes to benchmark Tor exit performance
2023-05-21 21:59:44 1684706384.584769 [tornettools] [INFO] We will use 0 onion-service perf nodes to benchmark Tor onion-service performance
2023-05-21 21:59:44 1684706384.584991 [tornettools] [INFO] Generating Servers
2023-05-21 21:59:44 1684706384.609585 [tornettools] [DEBUG] System call: /home/vagrant/.local/bin/tor --version (runtime: 0.02)
2023-05-21 21:59:44 1684706384.960685 [tornettools] [DEBUG] GETCONF __owningcontrollerprocess (runtime: 0.0013)
2023-05-21 21:59:44 1684706384.965791 [tornettools] [DEBUG] RESETCONF __OwningControllerProcess (runtime: 0.0035)
2023-05-21 21:59:44 1684706384.967361 [tornettools] [DEBUG] GETINFO version (runtime: 0.0011)
2023-05-21 21:59:44 1684706384.971497 [tornettools] [INFO] Error while receiving a control message (SocketClosed): received exception "read of closed file"
2023-05-21 21:59:44 1684706384.971890 [tornettools] [INFO] Error while receiving a control message (SocketClosed): received exception "peek of closed file"
2023-05-21 21:59:44 1684706384.978580 [tornettools] [INFO] We will use 10 TGen exit servers and 0 TGen onion-service servers to serve 100 TGen exit clients and 0 TGen onion-service clients
2023-05-21 21:59:44 1684706384.980222 [tornettools] [INFO] Generating Tor configuration files
2023-05-21 21:59:45 1684706385.035803 [tornettools] [INFO] Generating TGen configuration files
2023-05-21 21:59:45 1684706385.139074 [tornettools] [INFO] Constructing Shadow config YAML file
