2023-06-05 19:38:28 1685993908.502971 [tornettools] [INFO] Logging system initialized! Logging events to stdout and to '/part/simulation/tornet-0.005/tornettools.generate.2023-06-05.19.38.28.log'
2023-06-05 19:38:28 1685993908.503136 [tornettools] [INFO] Seeded standard and numpy PRNGs with seed=580879202
2023-06-05 19:38:28 1685993908.503241 [tornettools] [INFO] The argument namespace is: Namespace(atlas_path=None, command='generate', do_trace=True, do_version=False, events_csv='BW,CIRC,STREAM', exit_user_scale=1.0, formatter_class=<class '__main__.CustomHelpFormatter'>, func=<function generate at 0x7fcd51c6cc10>, geoip_path=None, load_scale=1.0, network_info_path='/part/simulation/data/networkinfo_staging.gml', network_scale=0.005, nprocesses=104, onion_service_user_scale=0.0, prefix='/part/simulation/tornet-0.005', process_scale=0.01, quiet=0, relay_info_path='/part/simulation/data/relayinfo_staging_2023-04-01--2023-04-30.json', seed=580879202, server_scale=0.5, tmodel_git_path='/part/simulation/data/tmodel-ccs2018.github.io', torexe='/root/.local/bin/tor', torgencertexe='/usr/local/bin/tor-gencert', torperf_num_exit=100, torperf_num_onion_service=0, user_info_path='/part/simulation/data/userinfo_staging_2023-04-01--2023-04-30.json')
2023-06-05 19:38:28 1685993908.514629 [tornettools] [INFO] The platform is: Linux-5.15.0-72-generic-x86_64-with-glibc2.29
2023-06-05 19:38:28 1685993908.514762 [tornettools] [INFO] System info: uname_result(system='Linux', node='4d46e9b98999', release='5.15.0-72-generic', version='#79-Ubuntu SMP Wed Apr 19 08:22:18 UTC 2023', machine='x86_64', processor='x86_64')
2023-06-05 19:38:28 1685993908.607739 [tornettools] [INFO] Generating network using tor and tor-gencert at /root/.local/bin/tor and /usr/local/bin/tor-gencert
2023-06-05 19:38:28 1685993908.607817 [tornettools] [INFO] Copying atlas topology file (use the '-a/--atlas' option to disable)
2023-06-05 19:38:28 1685993908.613917 [tornettools] [INFO] Reading staged network info /part/simulation/data/networkinfo_staging.gml
2023-06-05 19:38:28 1685993908.785907 [tornettools] [INFO] Finished reading staged network info
2023-06-05 19:38:28 1685993908.785969 [tornettools] [INFO] Sampling Tor relays now
2023-06-05 19:38:29 1685993909.156469 [tornettools] [INFO] A full Tor network has 6666 relays with total capacity of 836.1823914720001 Gbit/s
2023-06-05 19:38:29 1685993909.163169 [tornettools] [INFO] Bandwidth-weights (relevant ones) of a typical consensus:
2023-06-05 19:38:29 1685993909.163234 [tornettools] [INFO] Casename: Case 3a (E scarce), with: Wgg=5988.1724952606455, Wgd=0, Wee=10000, Wed=10000, Wmg=4011.827504739355, Wme=0, Wmd=0
2023-06-05 19:38:29 1685993909.163292 [tornettools] [INFO] 33 relays: relative position weights:
2023-06-05 19:38:29 1685993909.163325 [tornettools] [INFO] g: chosen=0.5772885637038268, target=0.5652910981159274, diff=0.01199746558789938
2023-06-05 19:38:29 1685993909.163357 [tornettools] [INFO] e: chosen=0.1537109788487982, target=0.1384376976603881, diff=0.015273281188410093
2023-06-05 19:38:29 1685993909.163383 [tornettools] [INFO] ge: chosen=0.16605438791040192, target=0.18455018122891564, diff=-0.018495793318513726
2023-06-05 19:38:29 1685993909.163410 [tornettools] [INFO] m: chosen=0.10294606953697308, target=0.11172102299476915, diff=-0.008774953457796067
2023-06-05 19:38:29 1685993909.163434 [tornettools] [INFO] The max weight divergence between positions is 0.018495793318513726
2023-06-05 19:38:29 1685993909.163465 [tornettools] [INFO] Renormalizing weights for scaled network using total weight=0.00440180390062443
2023-06-05 19:38:29 1685993909.163513 [tornettools] [INFO] Bandwidth-weights (relevant ones) of our scaled down consensus of 32 relays:
2023-06-05 19:38:29 1685993909.163543 [tornettools] [INFO] Casename: Case 3a (E scarce), with: Wgg=5891.634409631131, Wgd=0, Wee=10000, Wed=10000, Wmg=4108.365590368869, Wme=0, Wmd=0
2023-06-05 19:38:29 1685993909.163725 [tornettools] [INFO] Chose 32 of 6666 relays using scale factor 0.005
2023-06-05 19:38:29 1685993909.165352 [tornettools] [INFO] Generating Tor key material now, this may take awhile...
2023-06-05 19:38:29 1685993909.500763 [tornettools] [INFO] Generated fingerprints and keys for 35 Tor nodes (3 authorities and 32 relays)
2023-06-05 19:38:30 1685993910.604125 [tornettools] [INFO] Generating Clients
2023-06-05 19:38:30 1685993910.605302 [tornettools] [INFO] Privcount measurements scaled to 5561 Tor users, 3960 active and 1347 inactive
2023-06-05 19:38:30 1685993910.605477 [tornettools] [INFO] Privcount measurements scaled to 14405 exit circuits, 7459 active and 6638 inactive
2023-06-05 19:38:30 1685993910.623307 [tornettools] [INFO] We will use 100 TGen client processes to emulate 3762.0 Tor exit users and create 7500 exit circuits every 10 minutes in aggregate
2023-06-05 19:38:30 1685993910.623518 [tornettools] [INFO] We will use 0 TGen client processes to emulate 0.0 Tor onion-service users and create 0 onion-service circuits every 10 minutes in aggregate
2023-06-05 19:38:30 1685993910.627756 [tornettools] [INFO] We will use 100 exit perf nodes to benchmark Tor exit performance
2023-06-05 19:38:30 1685993910.627927 [tornettools] [INFO] We will use 0 onion-service perf nodes to benchmark Tor onion-service performance
2023-06-05 19:38:30 1685993910.628067 [tornettools] [INFO] Generating Servers
2023-06-05 19:38:30 1685993910.637671 [tornettools] [DEBUG] System call: /root/.local/bin/tor --version (runtime: 0.01)
2023-06-05 19:38:30 1685993910.819311 [tornettools] [DEBUG] GETCONF __owningcontrollerprocess (runtime: 0.0003)
2023-06-05 19:38:30 1685993910.821777 [tornettools] [DEBUG] RESETCONF __OwningControllerProcess (runtime: 0.0019)
2023-06-05 19:38:30 1685993910.822348 [tornettools] [DEBUG] GETINFO version (runtime: 0.0003)
2023-06-05 19:38:30 1685993910.824110 [tornettools] [INFO] Error while receiving a control message (SocketClosed): received exception "read of closed file"
2023-06-05 19:38:30 1685993910.824237 [tornettools] [INFO] Error while receiving a control message (SocketClosed): received exception "peek of closed file"
2023-06-05 19:38:30 1685993910.824305 [tornettools] [INFO] Error while receiving a control message (SocketClosed): received exception "peek of closed file"
2023-06-05 19:38:30 1685993910.824365 [tornettools] [INFO] Error while receiving a control message (SocketClosed): received exception "peek of closed file"
2023-06-05 19:38:30 1685993910.824419 [tornettools] [INFO] Error while receiving a control message (SocketClosed): received exception "peek of closed file"
2023-06-05 19:38:30 1685993910.824477 [tornettools] [INFO] Error while receiving a control message (SocketClosed): received exception "peek of closed file"
2023-06-05 19:38:30 1685993910.824531 [tornettools] [INFO] Error while receiving a control message (SocketClosed): received exception "peek of closed file"
2023-06-05 19:38:30 1685993910.824584 [tornettools] [INFO] Error while receiving a control message (SocketClosed): received exception "peek of closed file"
2023-06-05 19:38:30 1685993910.824636 [tornettools] [INFO] Error while receiving a control message (SocketClosed): received exception "peek of closed file"
2023-06-05 19:38:30 1685993910.836208 [tornettools] [INFO] We will use 50 TGen exit servers and 0 TGen onion-service servers to serve 100 TGen exit clients and 0 TGen onion-service clients
2023-06-05 19:38:30 1685993910.837383 [tornettools] [INFO] Generating Tor configuration files
2023-06-05 19:38:30 1685993910.862185 [tornettools] [INFO] Generating TGen configuration files
2023-06-05 19:38:30 1685993910.925074 [tornettools] [INFO] Constructing Shadow config YAML file
