2023-04-30 13:26:25 1682861185.342755 [tornettools] [INFO] Logging system initialized! Logging events to stdout and to '/home/vagrant/tntdata/tornet-0.01/tornettools.generate.2023-04-30.13.26.25.log'
2023-04-30 13:26:25 1682861185.343023 [tornettools] [INFO] Seeded standard and numpy PRNGs with seed=230603536
2023-04-30 13:26:25 1682861185.343154 [tornettools] [INFO] The argument namespace is: Namespace(atlas_path=None, command='generate', do_trace=False, do_version=False, events_csv='BW,CIRC', exit_user_scale=1.0, formatter_class=<class '__main__.CustomHelpFormatter'>, func=<function generate at 0x7f6591e1c040>, geoip_path=None, load_scale=1.0, network_info_path='/home/vagrant/tntdata/networkinfo_staging.gml', network_scale=0.01, nprocesses=10, onion_service_user_scale=0.0, prefix='/home/vagrant/tntdata/tornet-0.01', process_scale=0.01, quiet=0, relay_info_path='/home/vagrant/tntdata/relayinfo_staging_2020-11-01--2020-11-30.json', seed=230603536, server_scale=0.1, tmodel_git_path='/home/vagrant/tntdata/tmodel-ccs2018.github.io', torexe='/usr/local/bin/tor', torgencertexe='/usr/local/bin/tor-gencert', torperf_num_exit=100, torperf_num_onion_service=0, user_info_path='/home/vagrant/tntdata/userinfo_staging_2020-11-01--2020-11-30.json')
2023-04-30 13:26:25 1682861185.362595 [tornettools] [INFO] The platform is: Linux-5.4.0-148-generic-x86_64-with-glibc2.29
2023-04-30 13:26:25 1682861185.362897 [tornettools] [INFO] System info: uname_result(system='Linux', node='ubuntu-focal', release='5.4.0-148-generic', version='#165-Ubuntu SMP Tue Apr 18 08:53:12 UTC 2023', machine='x86_64', processor='x86_64')
2023-04-30 13:26:25 1682861185.573008 [tornettools] [INFO] Generating network using tor and tor-gencert at /usr/local/bin/tor and /usr/local/bin/tor-gencert
2023-04-30 13:26:25 1682861185.573256 [tornettools] [INFO] Copying atlas topology file (use the '-a/--atlas' option to disable)
2023-04-30 13:26:25 1682861185.590962 [tornettools] [INFO] Reading staged network info /home/vagrant/tntdata/networkinfo_staging.gml
2023-04-30 13:26:25 1682861185.819686 [tornettools] [INFO] Finished reading staged network info
2023-04-30 13:26:25 1682861185.819825 [tornettools] [INFO] Sampling Tor relays now
2023-04-30 13:26:26 1682861186.707645 [tornettools] [INFO] A full Tor network has 6746 relays with total capacity of 665.398979856 Gbit/s
2023-04-30 13:26:26 1682861186.718483 [tornettools] [INFO] Bandwidth-weights (relevant ones) of a typical consensus:
2023-04-30 13:26:26 1682861186.718652 [tornettools] [INFO] Casename: Case 3a (E scarce), with: Wgg=6331.918129278947, Wgd=0, Wee=10000, Wed=10000, Wmg=3668.0818707210524, Wme=0, Wmd=0
2023-04-30 13:26:26 1682861186.718768 [tornettools] [INFO] 67 relays: relative position weights:
2023-04-30 13:26:26 1682861186.718821 [tornettools] [INFO] g: chosen=0.5540221214997494, target=0.544441966123002, diff=0.00958015537674739
2023-04-30 13:26:26 1682861186.718865 [tornettools] [INFO] e: chosen=0.03509233377764102, target=0.04295829336929155, diff=-0.007865959591650533
2023-04-30 13:26:26 1682861186.718907 [tornettools] [INFO] ge: chosen=0.26564828480778724, target=0.2675693155038071, diff=-0.0019210306960198431
2023-04-30 13:26:26 1682861186.718948 [tornettools] [INFO] m: chosen=0.14523725991482225, target=0.14503042500390018, diff=0.00020683491092207684
2023-04-30 13:26:26 1682861186.718987 [tornettools] [INFO] The max weight divergence between positions is 0.00958015537674739
2023-04-30 13:26:26 1682861186.719041 [tornettools] [INFO] Renormalizing weights for scaled network using total weight=0.009455479376955378
2023-04-30 13:26:26 1682861186.719135 [tornettools] [INFO] Bandwidth-weights (relevant ones) of our scaled down consensus of 67 relays:
2023-04-30 13:26:26 1682861186.719182 [tornettools] [INFO] Casename: Case 3a (E scarce), with: Wgg=6310.7532558597295, Wgd=0, Wee=10000, Wed=10000, Wmg=3689.2467441402705, Wme=0, Wmd=0
2023-04-30 13:26:26 1682861186.719531 [tornettools] [INFO] Chose 67 of 6746 relays using scale factor 0.01
2023-04-30 13:26:26 1682861186.723736 [tornettools] [INFO] Generating Tor key material now, this may take awhile...
2023-04-30 13:26:28 1682861188.411298 [tornettools] [INFO] Generated fingerprints and keys for 70 Tor nodes (3 authorities and 67 relays)
2023-04-30 13:26:31 1682861191.147139 [tornettools] [INFO] Generating Clients
2023-04-30 13:26:31 1682861191.183364 [tornettools] [INFO] Privcount measurements scaled to 11121 Tor users, 7919 active and 2695 inactive
2023-04-30 13:26:31 1682861191.183661 [tornettools] [INFO] Privcount measurements scaled to 28809 exit circuits, 14919 active and 13275 inactive
2023-04-30 13:26:31 1682861191.190517 [tornettools] [INFO] We will use 100 TGen client processes to emulate 7523.05 Tor exit users and create 14900 exit circuits every 10 minutes in aggregate
2023-04-30 13:26:31 1682861191.190631 [tornettools] [INFO] We will use 0 TGen client processes to emulate 0.0 Tor onion-service users and create 0 onion-service circuits every 10 minutes in aggregate
2023-04-30 13:26:31 1682861191.192165 [tornettools] [INFO] We will use 100 exit perf nodes to benchmark Tor exit performance
2023-04-30 13:26:31 1682861191.192255 [tornettools] [INFO] We will use 0 onion-service perf nodes to benchmark Tor onion-service performance
2023-04-30 13:26:31 1682861191.192351 [tornettools] [INFO] Generating Servers
2023-04-30 13:26:31 1682861191.212619 [tornettools] [DEBUG] System call: /usr/local/bin/tor --version (runtime: 0.02)
2023-04-30 13:26:31 1682861191.458840 [tornettools] [DEBUG] GETCONF __owningcontrollerprocess (runtime: 0.0006)
2023-04-30 13:26:31 1682861191.464407 [tornettools] [DEBUG] RESETCONF __OwningControllerProcess (runtime: 0.0047)
2023-04-30 13:26:31 1682861191.465260 [tornettools] [DEBUG] GETINFO version (runtime: 0.0004)
2023-04-30 13:26:31 1682861191.466773 [tornettools] [INFO] Error while receiving a control message (SocketClosed): received exception "read of closed file"
2023-04-30 13:26:31 1682861191.472886 [tornettools] [INFO] We will use 10 TGen exit servers and 0 TGen onion-service servers to serve 100 TGen exit clients and 0 TGen onion-service clients
2023-04-30 13:26:31 1682861191.473914 [tornettools] [INFO] Generating Tor configuration files
2023-04-30 13:26:31 1682861191.499299 [tornettools] [INFO] Generating TGen configuration files
2023-04-30 13:26:31 1682861191.570461 [tornettools] [INFO] Constructing Shadow config YAML file
