2023-06-11 19:23:30 1686511410.508684 [tornettools] [INFO] Logging system initialized! Logging events to stdout and to '/part/simulation/tornet-0.01/tornettools.generate.2023-06-11.19.23.30.log'
2023-06-11 19:23:30 1686511410.508845 [tornettools] [INFO] Seeded standard and numpy PRNGs with seed=1300152298
2023-06-11 19:23:30 1686511410.508950 [tornettools] [INFO] The argument namespace is: Namespace(atlas_path=None, command='generate', do_trace=True, do_version=False, events_csv='BW,CIRC,STREAM', exit_user_scale=1.0, formatter_class=<class '__main__.CustomHelpFormatter'>, func=<function generate at 0x7f3a21c3eca0>, geoip_path=None, load_scale=1.0, network_info_path='/part/simulation/data/networkinfo_staging.gml', network_scale=0.01, nprocesses=104, onion_service_user_scale=0.0, prefix='/part/simulation/tornet-0.01', process_scale=0.01, quiet=0, relay_info_path='/part/simulation/data/relayinfo_staging_2023-04-01--2023-04-30.json', seed=1300152298, server_scale=0.5, tmodel_git_path='/part/simulation/data/tmodel-ccs2018.github.io', torexe='/root/.local/bin/tor', torgencertexe='/usr/local/bin/tor-gencert', torperf_num_exit=0, torperf_num_onion_service=0, user_info_path='/part/simulation/data/userinfo_staging_2023-04-01--2023-04-30.json')
2023-06-11 19:23:30 1686511410.520146 [tornettools] [INFO] The platform is: Linux-5.15.0-73-generic-x86_64-with-glibc2.29
2023-06-11 19:23:30 1686511410.520280 [tornettools] [INFO] System info: uname_result(system='Linux', node='48a3cb59841e', release='5.15.0-73-generic', version='#80-Ubuntu SMP Mon May 15 15:18:26 UTC 2023', machine='x86_64', processor='x86_64')
2023-06-11 19:23:30 1686511410.614014 [tornettools] [INFO] Generating network using tor and tor-gencert at /root/.local/bin/tor and /usr/local/bin/tor-gencert
2023-06-11 19:23:30 1686511410.614092 [tornettools] [INFO] Copying atlas topology file (use the '-a/--atlas' option to disable)
2023-06-11 19:23:30 1686511410.620165 [tornettools] [INFO] Reading staged network info /part/simulation/data/networkinfo_staging.gml
2023-06-11 19:23:30 1686511410.787983 [tornettools] [INFO] Finished reading staged network info
2023-06-11 19:23:30 1686511410.788043 [tornettools] [INFO] Sampling Tor relays now
2023-06-11 19:23:31 1686511411.120808 [tornettools] [INFO] A full Tor network has 6666 relays with total capacity of 831.938373672 Gbit/s
2023-06-11 19:23:31 1686511411.127558 [tornettools] [INFO] Bandwidth-weights (relevant ones) of a typical consensus:
2023-06-11 19:23:31 1686511411.127622 [tornettools] [INFO] Casename: Case 3a (E scarce), with: Wgg=5974.784599112103, Wgd=0, Wee=10000, Wed=10000, Wmg=4025.2154008878974, Wme=0, Wmd=0
2023-06-11 19:23:31 1686511411.127693 [tornettools] [INFO] 67 relays: relative position weights:
2023-06-11 19:23:31 1686511411.127726 [tornettools] [INFO] g: chosen=0.5774140390240334, target=0.5672070057582854, diff=0.010207033265748011
2023-06-11 19:23:31 1686511411.127755 [tornettools] [INFO] e: chosen=0.13527969342738375, target=0.13990472170238555, diff=-0.004625028275001802
2023-06-11 19:23:31 1686511411.127782 [tornettools] [INFO] ge: chosen=0.18155452319920223, target=0.18230734179499428, diff=-0.000752818595792043
2023-06-11 19:23:31 1686511411.127807 [tornettools] [INFO] m: chosen=0.10575174434938042, target=0.1105809307443332, diff=-0.004829186394952778
2023-06-11 19:23:31 1686511411.127832 [tornettools] [INFO] The max weight divergence between positions is 0.010207033265748011
2023-06-11 19:23:31 1686511411.127866 [tornettools] [INFO] Renormalizing weights for scaled network using total weight=0.009284708644187172
2023-06-11 19:23:31 1686511411.127928 [tornettools] [INFO] Bandwidth-weights (relevant ones) of our scaled down consensus of 66 relays:
2023-06-11 19:23:31 1686511411.127959 [tornettools] [INFO] Casename: Case 3a (E scarce), with: Wgg=5915.735825614198, Wgd=0, Wee=10000, Wed=10000, Wmg=4084.2641743858017, Wme=0, Wmd=0
2023-06-11 19:23:31 1686511411.128136 [tornettools] [INFO] Chose 66 of 6666 relays using scale factor 0.01
2023-06-11 19:23:31 1686511411.129636 [tornettools] [INFO] Generating Tor key material now, this may take awhile...
2023-06-11 19:23:31 1686511411.635868 [tornettools] [INFO] Generated fingerprints and keys for 69 Tor nodes (3 authorities and 66 relays)
2023-06-11 19:23:32 1686511412.280573 [tornettools] [INFO] Generating Clients
2023-06-11 19:23:32 1686511412.281718 [tornettools] [INFO] Privcount measurements scaled to 11121 Tor users, 7919 active and 2695 inactive
2023-06-11 19:23:32 1686511412.281961 [tornettools] [INFO] Privcount measurements scaled to 28809 exit circuits, 14919 active and 13275 inactive
2023-06-11 19:23:32 1686511412.300001 [tornettools] [INFO] We will use 100 TGen client processes to emulate 7523.05 Tor exit users and create 14900 exit circuits every 10 minutes in aggregate
2023-06-11 19:23:32 1686511412.300203 [tornettools] [INFO] We will use 0 TGen client processes to emulate 0.0 Tor onion-service users and create 0 onion-service circuits every 10 minutes in aggregate
2023-06-11 19:23:32 1686511412.300341 [tornettools] [INFO] We will use 0 exit perf nodes to benchmark Tor exit performance
2023-06-11 19:23:32 1686511412.300451 [tornettools] [INFO] We will use 0 onion-service perf nodes to benchmark Tor onion-service performance
2023-06-11 19:23:32 1686511412.300578 [tornettools] [INFO] Generating Servers
2023-06-11 19:23:32 1686511412.315253 [tornettools] [DEBUG] System call: /root/.local/bin/tor --version (runtime: 0.01)
2023-06-11 19:23:32 1686511412.459732 [tornettools] [DEBUG] GETCONF __owningcontrollerprocess (runtime: 0.0005)
2023-06-11 19:23:32 1686511412.462302 [tornettools] [DEBUG] RESETCONF __OwningControllerProcess (runtime: 0.0017)
2023-06-11 19:23:32 1686511412.462936 [tornettools] [DEBUG] GETINFO version (runtime: 0.0003)
2023-06-11 19:23:32 1686511412.463757 [tornettools] [INFO] Error while receiving a control message (SocketClosed): received exception "read of closed file"
2023-06-11 19:23:32 1686511412.463884 [tornettools] [INFO] Error while receiving a control message (SocketClosed): received exception "peek of closed file"
2023-06-11 19:23:32 1686511412.463948 [tornettools] [INFO] Error while receiving a control message (SocketClosed): received exception "peek of closed file"
2023-06-11 19:23:32 1686511412.464007 [tornettools] [INFO] Error while receiving a control message (SocketClosed): received exception "peek of closed file"
2023-06-11 19:23:32 1686511412.464067 [tornettools] [INFO] Error while receiving a control message (SocketClosed): received exception "peek of closed file"
2023-06-11 19:23:32 1686511412.464144 [tornettools] [INFO] Error while receiving a control message (SocketClosed): received exception "peek of closed file"
2023-06-11 19:23:32 1686511412.464202 [tornettools] [INFO] Error while receiving a control message (SocketClosed): received exception "peek of closed file"
2023-06-11 19:23:32 1686511412.464277 [tornettools] [INFO] Error while receiving a control message (SocketClosed): received exception "peek of closed file"
2023-06-11 19:23:32 1686511412.464445 [tornettools] [INFO] Error while receiving a control message (SocketClosed): received exception "peek of closed file"
2023-06-11 19:23:32 1686511412.464513 [tornettools] [INFO] Error while receiving a control message (SocketClosed): received exception "peek of closed file"
2023-06-11 19:23:32 1686511412.464583 [tornettools] [INFO] Error while receiving a control message (SocketClosed): received exception "peek of closed file"
2023-06-11 19:23:32 1686511412.464650 [tornettools] [INFO] Error while receiving a control message (SocketClosed): received exception "peek of closed file"
2023-06-11 19:23:32 1686511412.464718 [tornettools] [INFO] Error while receiving a control message (SocketClosed): received exception "peek of closed file"
2023-06-11 19:23:32 1686511412.464789 [tornettools] [INFO] Error while receiving a control message (SocketClosed): received exception "peek of closed file"
2023-06-11 19:23:32 1686511412.464857 [tornettools] [INFO] Error while receiving a control message (SocketClosed): received exception "peek of closed file"
2023-06-11 19:23:32 1686511412.464923 [tornettools] [INFO] Error while receiving a control message (SocketClosed): received exception "peek of closed file"
2023-06-11 19:23:32 1686511412.464995 [tornettools] [INFO] Error while receiving a control message (SocketClosed): received exception "peek of closed file"
2023-06-11 19:23:32 1686511412.465061 [tornettools] [INFO] Error while receiving a control message (SocketClosed): received exception "peek of closed file"
2023-06-11 19:23:32 1686511412.465124 [tornettools] [INFO] Error while receiving a control message (SocketClosed): received exception "peek of closed file"
2023-06-11 19:23:32 1686511412.465197 [tornettools] [INFO] Error while receiving a control message (SocketClosed): received exception "peek of closed file"
2023-06-11 19:23:32 1686511412.465263 [tornettools] [INFO] Error while receiving a control message (SocketClosed): received exception "peek of closed file"
2023-06-11 19:23:32 1686511412.465332 [tornettools] [INFO] Error while receiving a control message (SocketClosed): received exception "peek of closed file"
2023-06-11 19:23:32 1686511412.465398 [tornettools] [INFO] Error while receiving a control message (SocketClosed): received exception "peek of closed file"
2023-06-11 19:23:32 1686511412.465462 [tornettools] [INFO] Error while receiving a control message (SocketClosed): received exception "peek of closed file"
2023-06-11 19:23:32 1686511412.465528 [tornettools] [INFO] Error while receiving a control message (SocketClosed): received exception "peek of closed file"
2023-06-11 19:23:32 1686511412.465590 [tornettools] [INFO] Error while receiving a control message (SocketClosed): received exception "peek of closed file"
2023-06-11 19:23:32 1686511412.465649 [tornettools] [INFO] Error while receiving a control message (SocketClosed): received exception "peek of closed file"
2023-06-11 19:23:32 1686511412.465707 [tornettools] [INFO] Error while receiving a control message (SocketClosed): received exception "peek of closed file"
2023-06-11 19:23:32 1686511412.465773 [tornettools] [INFO] Error while receiving a control message (SocketClosed): received exception "peek of closed file"
2023-06-11 19:23:32 1686511412.465832 [tornettools] [INFO] Error while receiving a control message (SocketClosed): received exception "peek of closed file"
2023-06-11 19:23:32 1686511412.465889 [tornettools] [INFO] Error while receiving a control message (SocketClosed): received exception "peek of closed file"
2023-06-11 19:23:32 1686511412.465951 [tornettools] [INFO] Error while receiving a control message (SocketClosed): received exception "peek of closed file"
2023-06-11 19:23:32 1686511412.466011 [tornettools] [INFO] Error while receiving a control message (SocketClosed): received exception "peek of closed file"
2023-06-11 19:23:32 1686511412.466074 [tornettools] [INFO] Error while receiving a control message (SocketClosed): received exception "peek of closed file"
2023-06-11 19:23:32 1686511412.466128 [tornettools] [INFO] Error while receiving a control message (SocketClosed): received exception "peek of closed file"
2023-06-11 19:23:32 1686511412.466188 [tornettools] [INFO] Error while receiving a control message (SocketClosed): received exception "peek of closed file"
2023-06-11 19:23:32 1686511412.466246 [tornettools] [INFO] Error while receiving a control message (SocketClosed): received exception "peek of closed file"
2023-06-11 19:23:32 1686511412.466305 [tornettools] [INFO] Error while receiving a control message (SocketClosed): received exception "peek of closed file"
2023-06-11 19:23:32 1686511412.466362 [tornettools] [INFO] Error while receiving a control message (SocketClosed): received exception "peek of closed file"
2023-06-11 19:23:32 1686511412.466426 [tornettools] [INFO] Error while receiving a control message (SocketClosed): received exception "peek of closed file"
2023-06-11 19:23:32 1686511412.466489 [tornettools] [INFO] Error while receiving a control message (SocketClosed): received exception "peek of closed file"
2023-06-11 19:23:32 1686511412.466549 [tornettools] [INFO] Error while receiving a control message (SocketClosed): received exception "peek of closed file"
2023-06-11 19:23:32 1686511412.466615 [tornettools] [INFO] Error while receiving a control message (SocketClosed): received exception "peek of closed file"
2023-06-11 19:23:32 1686511412.466672 [tornettools] [INFO] Error while receiving a control message (SocketClosed): received exception "peek of closed file"
2023-06-11 19:23:32 1686511412.466733 [tornettools] [INFO] Error while receiving a control message (SocketClosed): received exception "peek of closed file"
2023-06-11 19:23:32 1686511412.466795 [tornettools] [INFO] Error while receiving a control message (SocketClosed): received exception "peek of closed file"
2023-06-11 19:23:32 1686511412.466857 [tornettools] [INFO] Error while receiving a control message (SocketClosed): received exception "peek of closed file"
2023-06-11 19:23:32 1686511412.466918 [tornettools] [INFO] Error while receiving a control message (SocketClosed): received exception "peek of closed file"
2023-06-11 19:23:32 1686511412.466980 [tornettools] [INFO] Error while receiving a control message (SocketClosed): received exception "peek of closed file"
2023-06-11 19:23:32 1686511412.467038 [tornettools] [INFO] Error while receiving a control message (SocketClosed): received exception "peek of closed file"
2023-06-11 19:23:32 1686511412.467098 [tornettools] [INFO] Error while receiving a control message (SocketClosed): received exception "peek of closed file"
2023-06-11 19:23:32 1686511412.467155 [tornettools] [INFO] Error while receiving a control message (SocketClosed): received exception "peek of closed file"
2023-06-11 19:23:32 1686511412.467220 [tornettools] [INFO] Error while receiving a control message (SocketClosed): received exception "peek of closed file"
2023-06-11 19:23:32 1686511412.467282 [tornettools] [INFO] Error while receiving a control message (SocketClosed): received exception "peek of closed file"
2023-06-11 19:23:32 1686511412.467345 [tornettools] [INFO] Error while receiving a control message (SocketClosed): received exception "peek of closed file"
2023-06-11 19:23:32 1686511412.467406 [tornettools] [INFO] Error while receiving a control message (SocketClosed): received exception "peek of closed file"
2023-06-11 19:23:32 1686511412.467468 [tornettools] [INFO] Error while receiving a control message (SocketClosed): received exception "peek of closed file"
2023-06-11 19:23:32 1686511412.467528 [tornettools] [INFO] Error while receiving a control message (SocketClosed): received exception "peek of closed file"
2023-06-11 19:23:32 1686511412.467598 [tornettools] [INFO] Error while receiving a control message (SocketClosed): received exception "peek of closed file"
2023-06-11 19:23:32 1686511412.467656 [tornettools] [INFO] Error while receiving a control message (SocketClosed): received exception "peek of closed file"
2023-06-11 19:23:32 1686511412.467711 [tornettools] [INFO] Error while receiving a control message (SocketClosed): received exception "peek of closed file"
2023-06-11 19:23:32 1686511412.467843 [tornettools] [INFO] Error while receiving a control message (SocketClosed): received exception "peek of closed file"
2023-06-11 19:23:32 1686511412.467905 [tornettools] [INFO] Error while receiving a control message (SocketClosed): received exception "peek of closed file"
2023-06-11 19:23:32 1686511412.467965 [tornettools] [INFO] Error while receiving a control message (SocketClosed): received exception "peek of closed file"
2023-06-11 19:23:32 1686511412.468026 [tornettools] [INFO] Error while receiving a control message (SocketClosed): received exception "peek of closed file"
2023-06-11 19:23:32 1686511412.468086 [tornettools] [INFO] Error while receiving a control message (SocketClosed): received exception "peek of closed file"
2023-06-11 19:23:32 1686511412.468142 [tornettools] [INFO] Error while receiving a control message (SocketClosed): received exception "peek of closed file"
2023-06-11 19:23:32 1686511412.468205 [tornettools] [INFO] Error while receiving a control message (SocketClosed): received exception "peek of closed file"
2023-06-11 19:23:32 1686511412.468270 [tornettools] [INFO] Error while receiving a control message (SocketClosed): received exception "peek of closed file"
2023-06-11 19:23:32 1686511412.468334 [tornettools] [INFO] Error while receiving a control message (SocketClosed): received exception "peek of closed file"
2023-06-11 19:23:32 1686511412.468395 [tornettools] [INFO] Error while receiving a control message (SocketClosed): received exception "peek of closed file"
2023-06-11 19:23:32 1686511412.468454 [tornettools] [INFO] Error while receiving a control message (SocketClosed): received exception "peek of closed file"
2023-06-11 19:23:32 1686511412.468514 [tornettools] [INFO] Error while receiving a control message (SocketClosed): received exception "peek of closed file"
2023-06-11 19:23:32 1686511412.468575 [tornettools] [INFO] Error while receiving a control message (SocketClosed): received exception "peek of closed file"
2023-06-11 19:23:32 1686511412.468636 [tornettools] [INFO] Error while receiving a control message (SocketClosed): received exception "peek of closed file"
2023-06-11 19:23:32 1686511412.468699 [tornettools] [INFO] Error while receiving a control message (SocketClosed): received exception "peek of closed file"
2023-06-11 19:23:32 1686511412.468759 [tornettools] [INFO] Error while receiving a control message (SocketClosed): received exception "peek of closed file"
2023-06-11 19:23:32 1686511412.468817 [tornettools] [INFO] Error while receiving a control message (SocketClosed): received exception "peek of closed file"
2023-06-11 19:23:32 1686511412.468875 [tornettools] [INFO] Error while receiving a control message (SocketClosed): received exception "peek of closed file"
2023-06-11 19:23:32 1686511412.468936 [tornettools] [INFO] Error while receiving a control message (SocketClosed): received exception "peek of closed file"
2023-06-11 19:23:32 1686511412.468997 [tornettools] [INFO] Error while receiving a control message (SocketClosed): received exception "peek of closed file"
2023-06-11 19:23:32 1686511412.469054 [tornettools] [INFO] Error while receiving a control message (SocketClosed): received exception "peek of closed file"
2023-06-11 19:23:32 1686511412.469119 [tornettools] [INFO] Error while receiving a control message (SocketClosed): received exception "peek of closed file"
2023-06-11 19:23:32 1686511412.469179 [tornettools] [INFO] Error while receiving a control message (SocketClosed): received exception "peek of closed file"
2023-06-11 19:23:32 1686511412.469242 [tornettools] [INFO] Error while receiving a control message (SocketClosed): received exception "peek of closed file"
2023-06-11 19:23:32 1686511412.469303 [tornettools] [INFO] Error while receiving a control message (SocketClosed): received exception "peek of closed file"
2023-06-11 19:23:32 1686511412.469360 [tornettools] [INFO] Error while receiving a control message (SocketClosed): received exception "peek of closed file"
2023-06-11 19:23:32 1686511412.469423 [tornettools] [INFO] Error while receiving a control message (SocketClosed): received exception "peek of closed file"
2023-06-11 19:23:32 1686511412.469485 [tornettools] [INFO] Error while receiving a control message (SocketClosed): received exception "peek of closed file"
2023-06-11 19:23:32 1686511412.469548 [tornettools] [INFO] Error while receiving a control message (SocketClosed): received exception "peek of closed file"
2023-06-11 19:23:32 1686511412.469609 [tornettools] [INFO] Error while receiving a control message (SocketClosed): received exception "peek of closed file"
2023-06-11 19:23:32 1686511412.469672 [tornettools] [INFO] Error while receiving a control message (SocketClosed): received exception "peek of closed file"
2023-06-11 19:23:32 1686511412.469733 [tornettools] [INFO] Error while receiving a control message (SocketClosed): received exception "peek of closed file"
2023-06-11 19:23:32 1686511412.469797 [tornettools] [INFO] Error while receiving a control message (SocketClosed): received exception "peek of closed file"
2023-06-11 19:23:32 1686511412.469857 [tornettools] [INFO] Error while receiving a control message (SocketClosed): received exception "peek of closed file"
2023-06-11 19:23:32 1686511412.469921 [tornettools] [INFO] Error while receiving a control message (SocketClosed): received exception "peek of closed file"
2023-06-11 19:23:32 1686511412.469979 [tornettools] [INFO] Error while receiving a control message (SocketClosed): received exception "peek of closed file"
2023-06-11 19:23:32 1686511412.470034 [tornettools] [INFO] Error while receiving a control message (SocketClosed): received exception "peek of closed file"
2023-06-11 19:23:32 1686511412.470086 [tornettools] [INFO] Error while receiving a control message (SocketClosed): received exception "peek of closed file"
2023-06-11 19:23:32 1686511412.470144 [tornettools] [INFO] Error while receiving a control message (SocketClosed): received exception "peek of closed file"
2023-06-11 19:23:32 1686511412.470201 [tornettools] [INFO] Error while receiving a control message (SocketClosed): received exception "peek of closed file"
2023-06-11 19:23:32 1686511412.470260 [tornettools] [INFO] Error while receiving a control message (SocketClosed): received exception "peek of closed file"
2023-06-11 19:23:32 1686511412.470316 [tornettools] [INFO] Error while receiving a control message (SocketClosed): received exception "peek of closed file"
2023-06-11 19:23:32 1686511412.470377 [tornettools] [INFO] Error while receiving a control message (SocketClosed): received exception "peek of closed file"
2023-06-11 19:23:32 1686511412.470435 [tornettools] [INFO] Error while receiving a control message (SocketClosed): received exception "peek of closed file"
2023-06-11 19:23:32 1686511412.470495 [tornettools] [INFO] Error while receiving a control message (SocketClosed): received exception "peek of closed file"
2023-06-11 19:23:32 1686511412.470551 [tornettools] [INFO] Error while receiving a control message (SocketClosed): received exception "peek of closed file"
2023-06-11 19:23:32 1686511412.470612 [tornettools] [INFO] Error while receiving a control message (SocketClosed): received exception "peek of closed file"
2023-06-11 19:23:32 1686511412.470675 [tornettools] [INFO] Error while receiving a control message (SocketClosed): received exception "peek of closed file"
2023-06-11 19:23:32 1686511412.470737 [tornettools] [INFO] Error while receiving a control message (SocketClosed): received exception "peek of closed file"
2023-06-11 19:23:32 1686511412.470799 [tornettools] [INFO] Error while receiving a control message (SocketClosed): received exception "peek of closed file"
2023-06-11 19:23:32 1686511412.470918 [tornettools] [INFO] Error while receiving a control message (SocketClosed): received exception "peek of closed file"
2023-06-11 19:23:32 1686511412.470980 [tornettools] [INFO] Error while receiving a control message (SocketClosed): received exception "peek of closed file"
2023-06-11 19:23:32 1686511412.471041 [tornettools] [INFO] Error while receiving a control message (SocketClosed): received exception "peek of closed file"
2023-06-11 19:23:32 1686511412.471100 [tornettools] [INFO] Error while receiving a control message (SocketClosed): received exception "peek of closed file"
2023-06-11 19:23:32 1686511412.471162 [tornettools] [INFO] Error while receiving a control message (SocketClosed): received exception "peek of closed file"
2023-06-11 19:23:32 1686511412.471220 [tornettools] [INFO] Error while receiving a control message (SocketClosed): received exception "peek of closed file"
2023-06-11 19:23:32 1686511412.471283 [tornettools] [INFO] Error while receiving a control message (SocketClosed): received exception "peek of closed file"
2023-06-11 19:23:32 1686511412.471343 [tornettools] [INFO] Error while receiving a control message (SocketClosed): received exception "peek of closed file"
2023-06-11 19:23:32 1686511412.471401 [tornettools] [INFO] Error while receiving a control message (SocketClosed): received exception "peek of closed file"
2023-06-11 19:23:32 1686511412.471458 [tornettools] [INFO] Error while receiving a control message (SocketClosed): received exception "peek of closed file"
2023-06-11 19:23:32 1686511412.471521 [tornettools] [INFO] Error while receiving a control message (SocketClosed): received exception "peek of closed file"
2023-06-11 19:23:32 1686511412.471594 [tornettools] [INFO] Error while receiving a control message (SocketClosed): received exception "peek of closed file"
2023-06-11 19:23:32 1686511412.471653 [tornettools] [INFO] Error while receiving a control message (SocketClosed): received exception "peek of closed file"
2023-06-11 19:23:32 1686511412.471709 [tornettools] [INFO] Error while receiving a control message (SocketClosed): received exception "peek of closed file"
2023-06-11 19:23:32 1686511412.471764 [tornettools] [INFO] Error while receiving a control message (SocketClosed): received exception "peek of closed file"
2023-06-11 19:23:32 1686511412.471822 [tornettools] [INFO] Error while receiving a control message (SocketClosed): received exception "peek of closed file"
2023-06-11 19:23:32 1686511412.471882 [tornettools] [INFO] Error while receiving a control message (SocketClosed): received exception "peek of closed file"
2023-06-11 19:23:32 1686511412.471941 [tornettools] [INFO] Error while receiving a control message (SocketClosed): received exception "peek of closed file"
2023-06-11 19:23:32 1686511412.472001 [tornettools] [INFO] Error while receiving a control message (SocketClosed): received exception "peek of closed file"
2023-06-11 19:23:32 1686511412.472064 [tornettools] [INFO] Error while receiving a control message (SocketClosed): received exception "peek of closed file"
2023-06-11 19:23:32 1686511412.472124 [tornettools] [INFO] Error while receiving a control message (SocketClosed): received exception "peek of closed file"
2023-06-11 19:23:32 1686511412.472179 [tornettools] [INFO] Error while receiving a control message (SocketClosed): received exception "peek of closed file"
2023-06-11 19:23:32 1686511412.472231 [tornettools] [INFO] Error while receiving a control message (SocketClosed): received exception "peek of closed file"
2023-06-11 19:23:32 1686511412.472289 [tornettools] [INFO] Error while receiving a control message (SocketClosed): received exception "peek of closed file"
2023-06-11 19:23:32 1686511412.472343 [tornettools] [INFO] Error while receiving a control message (SocketClosed): received exception "peek of closed file"
2023-06-11 19:23:32 1686511412.472401 [tornettools] [INFO] Error while receiving a control message (SocketClosed): received exception "peek of closed file"
2023-06-11 19:23:32 1686511412.472459 [tornettools] [INFO] Error while receiving a control message (SocketClosed): received exception "peek of closed file"
2023-06-11 19:23:32 1686511412.472517 [tornettools] [INFO] Error while receiving a control message (SocketClosed): received exception "peek of closed file"
2023-06-11 19:23:32 1686511412.472569 [tornettools] [INFO] Error while receiving a control message (SocketClosed): received exception "peek of closed file"
2023-06-11 19:23:32 1686511412.472626 [tornettools] [INFO] Error while receiving a control message (SocketClosed): received exception "peek of closed file"
2023-06-11 19:23:32 1686511412.472684 [tornettools] [INFO] Error while receiving a control message (SocketClosed): received exception "peek of closed file"
2023-06-11 19:23:32 1686511412.472738 [tornettools] [INFO] Error while receiving a control message (SocketClosed): received exception "peek of closed file"
2023-06-11 19:23:32 1686511412.472796 [tornettools] [INFO] Error while receiving a control message (SocketClosed): received exception "peek of closed file"
2023-06-11 19:23:32 1686511412.472852 [tornettools] [INFO] Error while receiving a control message (SocketClosed): received exception "peek of closed file"
2023-06-11 19:23:32 1686511412.472905 [tornettools] [INFO] Error while receiving a control message (SocketClosed): received exception "peek of closed file"
2023-06-11 19:23:32 1686511412.472964 [tornettools] [INFO] Error while receiving a control message (SocketClosed): received exception "peek of closed file"
2023-06-11 19:23:32 1686511412.473022 [tornettools] [INFO] Error while receiving a control message (SocketClosed): received exception "peek of closed file"
2023-06-11 19:23:32 1686511412.473073 [tornettools] [INFO] Error while receiving a control message (SocketClosed): received exception "peek of closed file"
2023-06-11 19:23:32 1686511412.473127 [tornettools] [INFO] Error while receiving a control message (SocketClosed): received exception "peek of closed file"
2023-06-11 19:23:32 1686511412.473185 [tornettools] [INFO] Error while receiving a control message (SocketClosed): received exception "peek of closed file"
2023-06-11 19:23:32 1686511412.473238 [tornettools] [INFO] Error while receiving a control message (SocketClosed): received exception "peek of closed file"
2023-06-11 19:23:32 1686511412.473288 [tornettools] [INFO] Error while receiving a control message (SocketClosed): received exception "peek of closed file"
2023-06-11 19:23:32 1686511412.473342 [tornettools] [INFO] Error while receiving a control message (SocketClosed): received exception "peek of closed file"
2023-06-11 19:23:32 1686511412.473398 [tornettools] [INFO] Error while receiving a control message (SocketClosed): received exception "peek of closed file"
2023-06-11 19:23:32 1686511412.473449 [tornettools] [INFO] Error while receiving a control message (SocketClosed): received exception "peek of closed file"
2023-06-11 19:23:32 1686511412.473515 [tornettools] [INFO] Error while receiving a control message (SocketClosed): received exception "peek of closed file"
2023-06-11 19:23:32 1686511412.473615 [tornettools] [INFO] Error while receiving a control message (SocketClosed): received exception "peek of closed file"
2023-06-11 19:23:32 1686511412.473675 [tornettools] [INFO] Error while receiving a control message (SocketClosed): received exception "peek of closed file"
2023-06-11 19:23:32 1686511412.473731 [tornettools] [INFO] Error while receiving a control message (SocketClosed): received exception "peek of closed file"
2023-06-11 19:23:32 1686511412.473783 [tornettools] [INFO] Error while receiving a control message (SocketClosed): received exception "peek of closed file"
2023-06-11 19:23:32 1686511412.473836 [tornettools] [INFO] Error while receiving a control message (SocketClosed): received exception "peek of closed file"
2023-06-11 19:23:32 1686511412.473890 [tornettools] [INFO] Error while receiving a control message (SocketClosed): received exception "peek of closed file"
2023-06-11 19:23:32 1686511412.473947 [tornettools] [INFO] Error while receiving a control message (SocketClosed): received exception "peek of closed file"
2023-06-11 19:23:32 1686511412.473998 [tornettools] [INFO] Error while receiving a control message (SocketClosed): received exception "peek of closed file"
2023-06-11 19:23:32 1686511412.474057 [tornettools] [INFO] Error while receiving a control message (SocketClosed): received exception "peek of closed file"
2023-06-11 19:23:32 1686511412.474112 [tornettools] [INFO] Error while receiving a control message (SocketClosed): received exception "peek of closed file"
2023-06-11 19:23:32 1686511412.474163 [tornettools] [INFO] Error while receiving a control message (SocketClosed): received exception "peek of closed file"
2023-06-11 19:23:32 1686511412.474226 [tornettools] [INFO] Error while receiving a control message (SocketClosed): received exception "peek of closed file"
2023-06-11 19:23:32 1686511412.474283 [tornettools] [INFO] Error while receiving a control message (SocketClosed): received exception "peek of closed file"
2023-06-11 19:23:32 1686511412.474343 [tornettools] [INFO] Error while receiving a control message (SocketClosed): received exception "peek of closed file"
2023-06-11 19:23:32 1686511412.474396 [tornettools] [INFO] Error while receiving a control message (SocketClosed): received exception "peek of closed file"
2023-06-11 19:23:32 1686511412.474452 [tornettools] [INFO] Error while receiving a control message (SocketClosed): received exception "peek of closed file"
2023-06-11 19:23:32 1686511412.474510 [tornettools] [INFO] Error while receiving a control message (SocketClosed): received exception "peek of closed file"
2023-06-11 19:23:32 1686511412.474563 [tornettools] [INFO] Error while receiving a control message (SocketClosed): received exception "peek of closed file"
2023-06-11 19:23:32 1686511412.474622 [tornettools] [INFO] Error while receiving a control message (SocketClosed): received exception "peek of closed file"
2023-06-11 19:23:32 1686511412.474676 [tornettools] [INFO] Error while receiving a control message (SocketClosed): received exception "peek of closed file"
2023-06-11 19:23:32 1686511412.474731 [tornettools] [INFO] Error while receiving a control message (SocketClosed): received exception "peek of closed file"
2023-06-11 19:23:32 1686511412.474792 [tornettools] [INFO] Error while receiving a control message (SocketClosed): received exception "peek of closed file"
2023-06-11 19:23:32 1686511412.474846 [tornettools] [INFO] Error while receiving a control message (SocketClosed): received exception "peek of closed file"
2023-06-11 19:23:32 1686511412.474898 [tornettools] [INFO] Error while receiving a control message (SocketClosed): received exception "peek of closed file"
2023-06-11 19:23:32 1686511412.474956 [tornettools] [INFO] Error while receiving a control message (SocketClosed): received exception "peek of closed file"
2023-06-11 19:23:32 1686511412.475011 [tornettools] [INFO] Error while receiving a control message (SocketClosed): received exception "peek of closed file"
2023-06-11 19:23:32 1686511412.475067 [tornettools] [INFO] Error while receiving a control message (SocketClosed): received exception "peek of closed file"
2023-06-11 19:23:32 1686511412.475126 [tornettools] [INFO] Error while receiving a control message (SocketClosed): received exception "peek of closed file"
2023-06-11 19:23:32 1686511412.475182 [tornettools] [INFO] Error while receiving a control message (SocketClosed): received exception "peek of closed file"
2023-06-11 19:23:32 1686511412.475234 [tornettools] [INFO] Error while receiving a control message (SocketClosed): received exception "peek of closed file"
2023-06-11 19:23:32 1686511412.475289 [tornettools] [INFO] Error while receiving a control message (SocketClosed): received exception "peek of closed file"
2023-06-11 19:23:32 1686511412.475344 [tornettools] [INFO] Error while receiving a control message (SocketClosed): received exception "peek of closed file"
2023-06-11 19:23:32 1686511412.475400 [tornettools] [INFO] Error while receiving a control message (SocketClosed): received exception "peek of closed file"
2023-06-11 19:23:32 1686511412.475453 [tornettools] [INFO] Error while receiving a control message (SocketClosed): received exception "peek of closed file"
2023-06-11 19:23:32 1686511412.475515 [tornettools] [INFO] Error while receiving a control message (SocketClosed): received exception "peek of closed file"
2023-06-11 19:23:32 1686511412.475579 [tornettools] [INFO] Error while receiving a control message (SocketClosed): received exception "peek of closed file"
2023-06-11 19:23:32 1686511412.475632 [tornettools] [INFO] Error while receiving a control message (SocketClosed): received exception "peek of closed file"
2023-06-11 19:23:32 1686511412.475688 [tornettools] [INFO] Error while receiving a control message (SocketClosed): received exception "peek of closed file"
2023-06-11 19:23:32 1686511412.475744 [tornettools] [INFO] Error while receiving a control message (SocketClosed): received exception "peek of closed file"
2023-06-11 19:23:32 1686511412.475801 [tornettools] [INFO] Error while receiving a control message (SocketClosed): received exception "peek of closed file"
2023-06-11 19:23:32 1686511412.475858 [tornettools] [INFO] Error while receiving a control message (SocketClosed): received exception "peek of closed file"
2023-06-11 19:23:32 1686511412.475916 [tornettools] [INFO] Error while receiving a control message (SocketClosed): received exception "peek of closed file"
2023-06-11 19:23:32 1686511412.475970 [tornettools] [INFO] Error while receiving a control message (SocketClosed): received exception "peek of closed file"
2023-06-11 19:23:32 1686511412.476023 [tornettools] [INFO] Error while receiving a control message (SocketClosed): received exception "peek of closed file"
2023-06-11 19:23:32 1686511412.476079 [tornettools] [INFO] Error while receiving a control message (SocketClosed): received exception "peek of closed file"
2023-06-11 19:23:32 1686511412.476131 [tornettools] [INFO] Error while receiving a control message (SocketClosed): received exception "peek of closed file"
2023-06-11 19:23:32 1686511412.476179 [tornettools] [INFO] Error while receiving a control message (SocketClosed): received exception "peek of closed file"
2023-06-11 19:23:32 1686511412.476275 [tornettools] [INFO] Error while receiving a control message (SocketClosed): received exception "peek of closed file"
2023-06-11 19:23:32 1686511412.476336 [tornettools] [INFO] Error while receiving a control message (SocketClosed): received exception "peek of closed file"
2023-06-11 19:23:32 1686511412.476388 [tornettools] [INFO] Error while receiving a control message (SocketClosed): received exception "peek of closed file"
2023-06-11 19:23:32 1686511412.476440 [tornettools] [INFO] Error while receiving a control message (SocketClosed): received exception "peek of closed file"
2023-06-11 19:23:32 1686511412.476491 [tornettools] [INFO] Error while receiving a control message (SocketClosed): received exception "peek of closed file"
2023-06-11 19:23:32 1686511412.476548 [tornettools] [INFO] Error while receiving a control message (SocketClosed): received exception "peek of closed file"
2023-06-11 19:23:32 1686511412.476601 [tornettools] [INFO] Error while receiving a control message (SocketClosed): received exception "peek of closed file"
2023-06-11 19:23:32 1686511412.476655 [tornettools] [INFO] Error while receiving a control message (SocketClosed): received exception "peek of closed file"
2023-06-11 19:23:32 1686511412.476705 [tornettools] [INFO] Error while receiving a control message (SocketClosed): received exception "peek of closed file"
2023-06-11 19:23:32 1686511412.476756 [tornettools] [INFO] Error while receiving a control message (SocketClosed): received exception "peek of closed file"
2023-06-11 19:23:32 1686511412.476804 [tornettools] [INFO] Error while receiving a control message (SocketClosed): received exception "peek of closed file"
2023-06-11 19:23:32 1686511412.476854 [tornettools] [INFO] Error while receiving a control message (SocketClosed): received exception "peek of closed file"
2023-06-11 19:23:32 1686511412.476906 [tornettools] [INFO] Error while receiving a control message (SocketClosed): received exception "peek of closed file"
2023-06-11 19:23:32 1686511412.476955 [tornettools] [INFO] Error while receiving a control message (SocketClosed): received exception "peek of closed file"
2023-06-11 19:23:32 1686511412.477011 [tornettools] [INFO] Error while receiving a control message (SocketClosed): received exception "peek of closed file"
2023-06-11 19:23:32 1686511412.477064 [tornettools] [INFO] Error while receiving a control message (SocketClosed): received exception "peek of closed file"
2023-06-11 19:23:32 1686511412.477113 [tornettools] [INFO] Error while receiving a control message (SocketClosed): received exception "peek of closed file"
2023-06-11 19:23:32 1686511412.477170 [tornettools] [INFO] Error while receiving a control message (SocketClosed): received exception "peek of closed file"
2023-06-11 19:23:32 1686511412.477220 [tornettools] [INFO] Error while receiving a control message (SocketClosed): received exception "peek of closed file"
2023-06-11 19:23:32 1686511412.477267 [tornettools] [INFO] Error while receiving a control message (SocketClosed): received exception "peek of closed file"
2023-06-11 19:23:32 1686511412.477324 [tornettools] [INFO] Error while receiving a control message (SocketClosed): received exception "peek of closed file"
2023-06-11 19:23:32 1686511412.477376 [tornettools] [INFO] Error while receiving a control message (SocketClosed): received exception "peek of closed file"
2023-06-11 19:23:32 1686511412.477427 [tornettools] [INFO] Error while receiving a control message (SocketClosed): received exception "peek of closed file"
2023-06-11 19:23:32 1686511412.477482 [tornettools] [INFO] Error while receiving a control message (SocketClosed): received exception "peek of closed file"
2023-06-11 19:23:32 1686511412.477535 [tornettools] [INFO] Error while receiving a control message (SocketClosed): received exception "peek of closed file"
2023-06-11 19:23:32 1686511412.477583 [tornettools] [INFO] Error while receiving a control message (SocketClosed): received exception "peek of closed file"
2023-06-11 19:23:32 1686511412.477639 [tornettools] [INFO] Error while receiving a control message (SocketClosed): received exception "peek of closed file"
2023-06-11 19:23:32 1686511412.477692 [tornettools] [INFO] Error while receiving a control message (SocketClosed): received exception "peek of closed file"
2023-06-11 19:23:32 1686511412.477739 [tornettools] [INFO] Error while receiving a control message (SocketClosed): received exception "peek of closed file"
2023-06-11 19:23:32 1686511412.477789 [tornettools] [INFO] Error while receiving a control message (SocketClosed): received exception "peek of closed file"
2023-06-11 19:23:32 1686511412.477837 [tornettools] [INFO] Error while receiving a control message (SocketClosed): received exception "peek of closed file"
2023-06-11 19:23:32 1686511412.477888 [tornettools] [INFO] Error while receiving a control message (SocketClosed): received exception "peek of closed file"
2023-06-11 19:23:32 1686511412.477939 [tornettools] [INFO] Error while receiving a control message (SocketClosed): received exception "peek of closed file"
2023-06-11 19:23:32 1686511412.477992 [tornettools] [INFO] Error while receiving a control message (SocketClosed): received exception "peek of closed file"
2023-06-11 19:23:32 1686511412.478047 [tornettools] [INFO] Error while receiving a control message (SocketClosed): received exception "peek of closed file"
2023-06-11 19:23:32 1686511412.478099 [tornettools] [INFO] Error while receiving a control message (SocketClosed): received exception "peek of closed file"
2023-06-11 19:23:32 1686511412.478146 [tornettools] [INFO] Error while receiving a control message (SocketClosed): received exception "peek of closed file"
2023-06-11 19:23:32 1686511412.478198 [tornettools] [INFO] Error while receiving a control message (SocketClosed): received exception "peek of closed file"
2023-06-11 19:23:32 1686511412.478247 [tornettools] [INFO] Error while receiving a control message (SocketClosed): received exception "peek of closed file"
2023-06-11 19:23:32 1686511412.478292 [tornettools] [INFO] Error while receiving a control message (SocketClosed): received exception "peek of closed file"
2023-06-11 19:23:32 1686511412.478347 [tornettools] [INFO] Error while receiving a control message (SocketClosed): received exception "peek of closed file"
2023-06-11 19:23:32 1686511412.478403 [tornettools] [INFO] Error while receiving a control message (SocketClosed): received exception "peek of closed file"
2023-06-11 19:23:32 1686511412.478453 [tornettools] [INFO] Error while receiving a control message (SocketClosed): received exception "peek of closed file"
2023-06-11 19:23:32 1686511412.478508 [tornettools] [INFO] Error while receiving a control message (SocketClosed): received exception "peek of closed file"
2023-06-11 19:23:32 1686511412.478559 [tornettools] [INFO] Error while receiving a control message (SocketClosed): received exception "peek of closed file"
2023-06-11 19:23:32 1686511412.478606 [tornettools] [INFO] Error while receiving a control message (SocketClosed): received exception "peek of closed file"
2023-06-11 19:23:32 1686511412.478656 [tornettools] [INFO] Error while receiving a control message (SocketClosed): received exception "peek of closed file"
2023-06-11 19:23:32 1686511412.479282 [tornettools] [INFO] Error while receiving a control message (SocketClosed): received exception "peek of closed file"
2023-06-11 19:23:32 1686511412.479354 [tornettools] [INFO] Error while receiving a control message (SocketClosed): received exception "peek of closed file"
2023-06-11 19:23:32 1686511412.479411 [tornettools] [INFO] Error while receiving a control message (SocketClosed): received exception "peek of closed file"
2023-06-11 19:23:32 1686511412.479465 [tornettools] [INFO] Error while receiving a control message (SocketClosed): received exception "peek of closed file"
2023-06-11 19:23:32 1686511412.479512 [tornettools] [INFO] Error while receiving a control message (SocketClosed): received exception "peek of closed file"
2023-06-11 19:23:32 1686511412.479578 [tornettools] [INFO] Error while receiving a control message (SocketClosed): received exception "peek of closed file"
2023-06-11 19:23:32 1686511412.479633 [tornettools] [INFO] Error while receiving a control message (SocketClosed): received exception "peek of closed file"
2023-06-11 19:23:32 1686511412.479685 [tornettools] [INFO] Error while receiving a control message (SocketClosed): received exception "peek of closed file"
2023-06-11 19:23:32 1686511412.479737 [tornettools] [INFO] Error while receiving a control message (SocketClosed): received exception "peek of closed file"
2023-06-11 19:23:32 1686511412.479789 [tornettools] [INFO] Error while receiving a control message (SocketClosed): received exception "peek of closed file"
2023-06-11 19:23:32 1686511412.479842 [tornettools] [INFO] Error while receiving a control message (SocketClosed): received exception "peek of closed file"
2023-06-11 19:23:32 1686511412.479890 [tornettools] [INFO] Error while receiving a control message (SocketClosed): received exception "peek of closed file"
2023-06-11 19:23:32 1686511412.479941 [tornettools] [INFO] Error while receiving a control message (SocketClosed): received exception "peek of closed file"
2023-06-11 19:23:32 1686511412.479994 [tornettools] [INFO] Error while receiving a control message (SocketClosed): received exception "peek of closed file"
2023-06-11 19:23:32 1686511412.480041 [tornettools] [INFO] Error while receiving a control message (SocketClosed): received exception "peek of closed file"
2023-06-11 19:23:32 1686511412.480095 [tornettools] [INFO] Error while receiving a control message (SocketClosed): received exception "peek of closed file"
2023-06-11 19:23:32 1686511412.480148 [tornettools] [INFO] Error while receiving a control message (SocketClosed): received exception "peek of closed file"
2023-06-11 19:23:32 1686511412.480196 [tornettools] [INFO] Error while receiving a control message (SocketClosed): received exception "peek of closed file"
2023-06-11 19:23:32 1686511412.480249 [tornettools] [INFO] Error while receiving a control message (SocketClosed): received exception "peek of closed file"
2023-06-11 19:23:32 1686511412.480301 [tornettools] [INFO] Error while receiving a control message (SocketClosed): received exception "peek of closed file"
2023-06-11 19:23:32 1686511412.480348 [tornettools] [INFO] Error while receiving a control message (SocketClosed): received exception "peek of closed file"
2023-06-11 19:23:32 1686511412.480397 [tornettools] [INFO] Error while receiving a control message (SocketClosed): received exception "peek of closed file"
2023-06-11 19:23:32 1686511412.480451 [tornettools] [INFO] Error while receiving a control message (SocketClosed): received exception "peek of closed file"
2023-06-11 19:23:32 1686511412.480495 [tornettools] [INFO] Error while receiving a control message (SocketClosed): received exception "peek of closed file"
2023-06-11 19:23:32 1686511412.480543 [tornettools] [INFO] Error while receiving a control message (SocketClosed): received exception "peek of closed file"
2023-06-11 19:23:32 1686511412.480592 [tornettools] [INFO] Error while receiving a control message (SocketClosed): received exception "peek of closed file"
2023-06-11 19:23:32 1686511412.480640 [tornettools] [INFO] Error while receiving a control message (SocketClosed): received exception "peek of closed file"
2023-06-11 19:23:32 1686511412.480692 [tornettools] [INFO] Error while receiving a control message (SocketClosed): received exception "peek of closed file"
2023-06-11 19:23:32 1686511412.480743 [tornettools] [INFO] Error while receiving a control message (SocketClosed): received exception "peek of closed file"
2023-06-11 19:23:32 1686511412.480794 [tornettools] [INFO] Error while receiving a control message (SocketClosed): received exception "peek of closed file"
2023-06-11 19:23:32 1686511412.480847 [tornettools] [INFO] Error while receiving a control message (SocketClosed): received exception "peek of closed file"
2023-06-11 19:23:32 1686511412.480895 [tornettools] [INFO] Error while receiving a control message (SocketClosed): received exception "peek of closed file"
2023-06-11 19:23:32 1686511412.480944 [tornettools] [INFO] Error while receiving a control message (SocketClosed): received exception "peek of closed file"
2023-06-11 19:23:32 1686511412.480993 [tornettools] [INFO] Error while receiving a control message (SocketClosed): received exception "peek of closed file"
2023-06-11 19:23:32 1686511412.481057 [tornettools] [INFO] Error while receiving a control message (SocketClosed): received exception "peek of closed file"
2023-06-11 19:23:32 1686511412.481107 [tornettools] [INFO] Error while receiving a control message (SocketClosed): received exception "peek of closed file"
2023-06-11 19:23:32 1686511412.481158 [tornettools] [INFO] Error while receiving a control message (SocketClosed): received exception "peek of closed file"
2023-06-11 19:23:32 1686511412.481208 [tornettools] [INFO] Error while receiving a control message (SocketClosed): received exception "peek of closed file"
2023-06-11 19:23:32 1686511412.481255 [tornettools] [INFO] Error while receiving a control message (SocketClosed): received exception "peek of closed file"
2023-06-11 19:23:32 1686511412.481304 [tornettools] [INFO] Error while receiving a control message (SocketClosed): received exception "peek of closed file"
2023-06-11 19:23:32 1686511412.481350 [tornettools] [INFO] Error while receiving a control message (SocketClosed): received exception "peek of closed file"
2023-06-11 19:23:32 1686511412.481403 [tornettools] [INFO] Error while receiving a control message (SocketClosed): received exception "peek of closed file"
2023-06-11 19:23:32 1686511412.481455 [tornettools] [INFO] Error while receiving a control message (SocketClosed): received exception "peek of closed file"
2023-06-11 19:23:32 1686511412.481502 [tornettools] [INFO] Error while receiving a control message (SocketClosed): received exception "peek of closed file"
2023-06-11 19:23:32 1686511412.481551 [tornettools] [INFO] Error while receiving a control message (SocketClosed): received exception "peek of closed file"
2023-06-11 19:23:32 1686511412.481599 [tornettools] [INFO] Error while receiving a control message (SocketClosed): received exception "peek of closed file"
2023-06-11 19:23:32 1686511412.481689 [tornettools] [INFO] Error while receiving a control message (SocketClosed): received exception "peek of closed file"
2023-06-11 19:23:32 1686511412.481739 [tornettools] [INFO] Error while receiving a control message (SocketClosed): received exception "peek of closed file"
2023-06-11 19:23:32 1686511412.481797 [tornettools] [INFO] Error while receiving a control message (SocketClosed): received exception "peek of closed file"
2023-06-11 19:23:32 1686511412.481850 [tornettools] [INFO] Error while receiving a control message (SocketClosed): received exception "peek of closed file"
2023-06-11 19:23:32 1686511412.481897 [tornettools] [INFO] Error while receiving a control message (SocketClosed): received exception "peek of closed file"
2023-06-11 19:23:32 1686511412.481950 [tornettools] [INFO] Error while receiving a control message (SocketClosed): received exception "peek of closed file"
2023-06-11 19:23:32 1686511412.481998 [tornettools] [INFO] Error while receiving a control message (SocketClosed): received exception "peek of closed file"
2023-06-11 19:23:32 1686511412.482044 [tornettools] [INFO] Error while receiving a control message (SocketClosed): received exception "peek of closed file"
2023-06-11 19:23:32 1686511412.482096 [tornettools] [INFO] Error while receiving a control message (SocketClosed): received exception "peek of closed file"
2023-06-11 19:23:32 1686511412.482149 [tornettools] [INFO] Error while receiving a control message (SocketClosed): received exception "peek of closed file"
2023-06-11 19:23:32 1686511412.482198 [tornettools] [INFO] Error while receiving a control message (SocketClosed): received exception "peek of closed file"
2023-06-11 19:23:32 1686511412.482249 [tornettools] [INFO] Error while receiving a control message (SocketClosed): received exception "peek of closed file"
2023-06-11 19:23:32 1686511412.482302 [tornettools] [INFO] Error while receiving a control message (SocketClosed): received exception "peek of closed file"
2023-06-11 19:23:32 1686511412.482348 [tornettools] [INFO] Error while receiving a control message (SocketClosed): received exception "peek of closed file"
2023-06-11 19:23:32 1686511412.482396 [tornettools] [INFO] Error while receiving a control message (SocketClosed): received exception "peek of closed file"
2023-06-11 19:23:32 1686511412.482442 [tornettools] [INFO] Error while receiving a control message (SocketClosed): received exception "peek of closed file"
2023-06-11 19:23:32 1686511412.482498 [tornettools] [INFO] Error while receiving a control message (SocketClosed): received exception "peek of closed file"
2023-06-11 19:23:32 1686511412.482548 [tornettools] [INFO] Error while receiving a control message (SocketClosed): received exception "peek of closed file"
2023-06-11 19:23:32 1686511412.482592 [tornettools] [INFO] Error while receiving a control message (SocketClosed): received exception "peek of closed file"
2023-06-11 19:23:32 1686511412.482644 [tornettools] [INFO] Error while receiving a control message (SocketClosed): received exception "peek of closed file"
2023-06-11 19:23:32 1686511412.482698 [tornettools] [INFO] Error while receiving a control message (SocketClosed): received exception "peek of closed file"
2023-06-11 19:23:32 1686511412.482746 [tornettools] [INFO] Error while receiving a control message (SocketClosed): received exception "peek of closed file"
2023-06-11 19:23:32 1686511412.482799 [tornettools] [INFO] Error while receiving a control message (SocketClosed): received exception "peek of closed file"
2023-06-11 19:23:32 1686511412.482852 [tornettools] [INFO] Error while receiving a control message (SocketClosed): received exception "peek of closed file"
2023-06-11 19:23:32 1686511412.482896 [tornettools] [INFO] Error while receiving a control message (SocketClosed): received exception "peek of closed file"
2023-06-11 19:23:32 1686511412.482944 [tornettools] [INFO] Error while receiving a control message (SocketClosed): received exception "peek of closed file"
2023-06-11 19:23:32 1686511412.482987 [tornettools] [INFO] Error while receiving a control message (SocketClosed): received exception "peek of closed file"
2023-06-11 19:23:32 1686511412.483034 [tornettools] [INFO] Error while receiving a control message (SocketClosed): received exception "peek of closed file"
2023-06-11 19:23:32 1686511412.483086 [tornettools] [INFO] Error while receiving a control message (SocketClosed): received exception "peek of closed file"
2023-06-11 19:23:32 1686511412.483132 [tornettools] [INFO] Error while receiving a control message (SocketClosed): received exception "peek of closed file"
2023-06-11 19:23:32 1686511412.483188 [tornettools] [INFO] Error while receiving a control message (SocketClosed): received exception "peek of closed file"
2023-06-11 19:23:32 1686511412.483239 [tornettools] [INFO] Error while receiving a control message (SocketClosed): received exception "peek of closed file"
2023-06-11 19:23:32 1686511412.483284 [tornettools] [INFO] Error while receiving a control message (SocketClosed): received exception "peek of closed file"
2023-06-11 19:23:32 1686511412.483335 [tornettools] [INFO] Error while receiving a control message (SocketClosed): received exception "peek of closed file"
2023-06-11 19:23:32 1686511412.483386 [tornettools] [INFO] Error while receiving a control message (SocketClosed): received exception "peek of closed file"
2023-06-11 19:23:32 1686511412.483431 [tornettools] [INFO] Error while receiving a control message (SocketClosed): received exception "peek of closed file"
2023-06-11 19:23:32 1686511412.483483 [tornettools] [INFO] Error while receiving a control message (SocketClosed): received exception "peek of closed file"
2023-06-11 19:23:32 1686511412.483538 [tornettools] [INFO] Error while receiving a control message (SocketClosed): received exception "peek of closed file"
2023-06-11 19:23:32 1686511412.483598 [tornettools] [INFO] Error while receiving a control message (SocketClosed): received exception "peek of closed file"
2023-06-11 19:23:32 1686511412.483653 [tornettools] [INFO] Error while receiving a control message (SocketClosed): received exception "peek of closed file"
2023-06-11 19:23:32 1686511412.483700 [tornettools] [INFO] Error while receiving a control message (SocketClosed): received exception "peek of closed file"
2023-06-11 19:23:32 1686511412.483751 [tornettools] [INFO] Error while receiving a control message (SocketClosed): received exception "peek of closed file"
2023-06-11 19:23:32 1686511412.483801 [tornettools] [INFO] Error while receiving a control message (SocketClosed): received exception "peek of closed file"
2023-06-11 19:23:32 1686511412.483849 [tornettools] [INFO] Error while receiving a control message (SocketClosed): received exception "peek of closed file"
2023-06-11 19:23:32 1686511412.483902 [tornettools] [INFO] Error while receiving a control message (SocketClosed): received exception "peek of closed file"
2023-06-11 19:23:32 1686511412.483952 [tornettools] [INFO] Error while receiving a control message (SocketClosed): received exception "peek of closed file"
2023-06-11 19:23:32 1686511412.483998 [tornettools] [INFO] Error while receiving a control message (SocketClosed): received exception "peek of closed file"
2023-06-11 19:23:32 1686511412.484087 [tornettools] [INFO] Error while receiving a control message (SocketClosed): received exception "peek of closed file"
2023-06-11 19:23:32 1686511412.484139 [tornettools] [INFO] Error while receiving a control message (SocketClosed): received exception "peek of closed file"
2023-06-11 19:23:32 1686511412.484188 [tornettools] [INFO] Error while receiving a control message (SocketClosed): received exception "peek of closed file"
2023-06-11 19:23:32 1686511412.484238 [tornettools] [INFO] Error while receiving a control message (SocketClosed): received exception "peek of closed file"
2023-06-11 19:23:32 1686511412.484290 [tornettools] [INFO] Error while receiving a control message (SocketClosed): received exception "peek of closed file"
2023-06-11 19:23:32 1686511412.484342 [tornettools] [INFO] Error while receiving a control message (SocketClosed): received exception "peek of closed file"
2023-06-11 19:23:32 1686511412.484386 [tornettools] [INFO] Error while receiving a control message (SocketClosed): received exception "peek of closed file"
2023-06-11 19:23:32 1686511412.484435 [tornettools] [INFO] Error while receiving a control message (SocketClosed): received exception "peek of closed file"
2023-06-11 19:23:32 1686511412.484479 [tornettools] [INFO] Error while receiving a control message (SocketClosed): received exception "peek of closed file"
2023-06-11 19:23:32 1686511412.484530 [tornettools] [INFO] Error while receiving a control message (SocketClosed): received exception "peek of closed file"
2023-06-11 19:23:32 1686511412.484583 [tornettools] [INFO] Error while receiving a control message (SocketClosed): received exception "peek of closed file"
2023-06-11 19:23:32 1686511412.484629 [tornettools] [INFO] Error while receiving a control message (SocketClosed): received exception "peek of closed file"
2023-06-11 19:23:32 1686511412.484679 [tornettools] [INFO] Error while receiving a control message (SocketClosed): received exception "peek of closed file"
2023-06-11 19:23:32 1686511412.484732 [tornettools] [INFO] Error while receiving a control message (SocketClosed): received exception "peek of closed file"
2023-06-11 19:23:32 1686511412.484778 [tornettools] [INFO] Error while receiving a control message (SocketClosed): received exception "peek of closed file"
2023-06-11 19:23:32 1686511412.484827 [tornettools] [INFO] Error while receiving a control message (SocketClosed): received exception "peek of closed file"
2023-06-11 19:23:32 1686511412.484877 [tornettools] [INFO] Error while receiving a control message (SocketClosed): received exception "peek of closed file"
2023-06-11 19:23:32 1686511412.484925 [tornettools] [INFO] Error while receiving a control message (SocketClosed): received exception "peek of closed file"
2023-06-11 19:23:32 1686511412.484971 [tornettools] [INFO] Error while receiving a control message (SocketClosed): received exception "peek of closed file"
2023-06-11 19:23:32 1686511412.485016 [tornettools] [INFO] Error while receiving a control message (SocketClosed): received exception "peek of closed file"
2023-06-11 19:23:32 1686511412.485063 [tornettools] [INFO] Error while receiving a control message (SocketClosed): received exception "peek of closed file"
2023-06-11 19:23:32 1686511412.485111 [tornettools] [INFO] Error while receiving a control message (SocketClosed): received exception "peek of closed file"
2023-06-11 19:23:32 1686511412.485156 [tornettools] [INFO] Error while receiving a control message (SocketClosed): received exception "peek of closed file"
2023-06-11 19:23:32 1686511412.485205 [tornettools] [INFO] Error while receiving a control message (SocketClosed): received exception "peek of closed file"
2023-06-11 19:23:32 1686511412.485257 [tornettools] [INFO] Error while receiving a control message (SocketClosed): received exception "peek of closed file"
2023-06-11 19:23:32 1686511412.485303 [tornettools] [INFO] Error while receiving a control message (SocketClosed): received exception "peek of closed file"
2023-06-11 19:23:32 1686511412.485352 [tornettools] [INFO] Error while receiving a control message (SocketClosed): received exception "peek of closed file"
2023-06-11 19:23:32 1686511412.485397 [tornettools] [INFO] Error while receiving a control message (SocketClosed): received exception "peek of closed file"
2023-06-11 19:23:32 1686511412.485444 [tornettools] [INFO] Error while receiving a control message (SocketClosed): received exception "peek of closed file"
2023-06-11 19:23:32 1686511412.485492 [tornettools] [INFO] Error while receiving a control message (SocketClosed): received exception "peek of closed file"
2023-06-11 19:23:32 1686511412.485534 [tornettools] [INFO] Error while receiving a control message (SocketClosed): received exception "peek of closed file"
2023-06-11 19:23:32 1686511412.485585 [tornettools] [INFO] Error while receiving a control message (SocketClosed): received exception "peek of closed file"
2023-06-11 19:23:32 1686511412.485630 [tornettools] [INFO] Error while receiving a control message (SocketClosed): received exception "peek of closed file"
2023-06-11 19:23:32 1686511412.485675 [tornettools] [INFO] Error while receiving a control message (SocketClosed): received exception "peek of closed file"
2023-06-11 19:23:32 1686511412.485723 [tornettools] [INFO] Error while receiving a control message (SocketClosed): received exception "peek of closed file"
2023-06-11 19:23:32 1686511412.485770 [tornettools] [INFO] Error while receiving a control message (SocketClosed): received exception "peek of closed file"
2023-06-11 19:23:32 1686511412.485816 [tornettools] [INFO] Error while receiving a control message (SocketClosed): received exception "peek of closed file"
2023-06-11 19:23:32 1686511412.485866 [tornettools] [INFO] Error while receiving a control message (SocketClosed): received exception "peek of closed file"
2023-06-11 19:23:32 1686511412.485914 [tornettools] [INFO] Error while receiving a control message (SocketClosed): received exception "peek of closed file"
2023-06-11 19:23:32 1686511412.485964 [tornettools] [INFO] Error while receiving a control message (SocketClosed): received exception "peek of closed file"
2023-06-11 19:23:32 1686511412.486012 [tornettools] [INFO] Error while receiving a control message (SocketClosed): received exception "peek of closed file"
2023-06-11 19:23:32 1686511412.486056 [tornettools] [INFO] Error while receiving a control message (SocketClosed): received exception "peek of closed file"
2023-06-11 19:23:32 1686511412.486103 [tornettools] [INFO] Error while receiving a control message (SocketClosed): received exception "peek of closed file"
2023-06-11 19:23:32 1686511412.486149 [tornettools] [INFO] Error while receiving a control message (SocketClosed): received exception "peek of closed file"
2023-06-11 19:23:32 1686511412.486205 [tornettools] [INFO] Error while receiving a control message (SocketClosed): received exception "peek of closed file"
2023-06-11 19:23:32 1686511412.486255 [tornettools] [INFO] Error while receiving a control message (SocketClosed): received exception "peek of closed file"
2023-06-11 19:23:32 1686511412.486302 [tornettools] [INFO] Error while receiving a control message (SocketClosed): received exception "peek of closed file"
2023-06-11 19:23:32 1686511412.486386 [tornettools] [INFO] Error while receiving a control message (SocketClosed): received exception "peek of closed file"
2023-06-11 19:23:32 1686511412.486441 [tornettools] [INFO] Error while receiving a control message (SocketClosed): received exception "peek of closed file"
2023-06-11 19:23:32 1686511412.486487 [tornettools] [INFO] Error while receiving a control message (SocketClosed): received exception "peek of closed file"
2023-06-11 19:23:32 1686511412.486533 [tornettools] [INFO] Error while receiving a control message (SocketClosed): received exception "peek of closed file"
2023-06-11 19:23:32 1686511412.486584 [tornettools] [INFO] Error while receiving a control message (SocketClosed): received exception "peek of closed file"
2023-06-11 19:23:32 1686511412.486626 [tornettools] [INFO] Error while receiving a control message (SocketClosed): received exception "peek of closed file"
2023-06-11 19:23:32 1686511412.486681 [tornettools] [INFO] Error while receiving a control message (SocketClosed): received exception "peek of closed file"
2023-06-11 19:23:32 1686511412.486730 [tornettools] [INFO] Error while receiving a control message (SocketClosed): received exception "peek of closed file"
2023-06-11 19:23:32 1686511412.486776 [tornettools] [INFO] Error while receiving a control message (SocketClosed): received exception "peek of closed file"
2023-06-11 19:23:32 1686511412.486823 [tornettools] [INFO] Error while receiving a control message (SocketClosed): received exception "peek of closed file"
2023-06-11 19:23:32 1686511412.486867 [tornettools] [INFO] Error while receiving a control message (SocketClosed): received exception "peek of closed file"
2023-06-11 19:23:32 1686511412.486921 [tornettools] [INFO] Error while receiving a control message (SocketClosed): received exception "peek of closed file"
2023-06-11 19:23:32 1686511412.486971 [tornettools] [INFO] Error while receiving a control message (SocketClosed): received exception "peek of closed file"
2023-06-11 19:23:32 1686511412.487017 [tornettools] [INFO] Error while receiving a control message (SocketClosed): received exception "peek of closed file"
2023-06-11 19:23:32 1686511412.487065 [tornettools] [INFO] Error while receiving a control message (SocketClosed): received exception "peek of closed file"
2023-06-11 19:23:32 1686511412.487109 [tornettools] [INFO] Error while receiving a control message (SocketClosed): received exception "peek of closed file"
2023-06-11 19:23:32 1686511412.487160 [tornettools] [INFO] Error while receiving a control message (SocketClosed): received exception "peek of closed file"
2023-06-11 19:23:32 1686511412.487208 [tornettools] [INFO] Error while receiving a control message (SocketClosed): received exception "peek of closed file"
2023-06-11 19:23:32 1686511412.487252 [tornettools] [INFO] Error while receiving a control message (SocketClosed): received exception "peek of closed file"
2023-06-11 19:23:32 1686511412.487301 [tornettools] [INFO] Error while receiving a control message (SocketClosed): received exception "peek of closed file"
2023-06-11 19:23:32 1686511412.487348 [tornettools] [INFO] Error while receiving a control message (SocketClosed): received exception "peek of closed file"
2023-06-11 19:23:32 1686511412.487395 [tornettools] [INFO] Error while receiving a control message (SocketClosed): received exception "peek of closed file"
2023-06-11 19:23:32 1686511412.487443 [tornettools] [INFO] Error while receiving a control message (SocketClosed): received exception "peek of closed file"
2023-06-11 19:23:32 1686511412.487489 [tornettools] [INFO] Error while receiving a control message (SocketClosed): received exception "peek of closed file"
2023-06-11 19:23:32 1686511412.487540 [tornettools] [INFO] Error while receiving a control message (SocketClosed): received exception "peek of closed file"
2023-06-11 19:23:32 1686511412.487597 [tornettools] [INFO] Error while receiving a control message (SocketClosed): received exception "peek of closed file"
2023-06-11 19:23:32 1686511412.487646 [tornettools] [INFO] Error while receiving a control message (SocketClosed): received exception "peek of closed file"
2023-06-11 19:23:32 1686511412.497728 [tornettools] [INFO] We will use 50 TGen exit servers and 0 TGen onion-service servers to serve 100 TGen exit clients and 0 TGen onion-service clients
2023-06-11 19:23:32 1686511412.498939 [tornettools] [INFO] Generating Tor configuration files
2023-06-11 19:23:32 1686511412.516973 [tornettools] [INFO] Generating TGen configuration files
2023-06-11 19:23:32 1686511412.583870 [tornettools] [INFO] Constructing Shadow config YAML file
